2021-06-18 02:05:57,575 [Worker-2: Loading available Gradle versions] INFO  o.e.b.c.i.u.g.PublishedGradleVersions - Gradle version information cache is out-of-date. Trying to update.
2021-06-18 02:06:42,830 [Worker-19: Building] INFO  o.e.m.c.i.l.LifecycleMappingFactory - Using org.eclipse.m2e.jdt.JarLifecycleMapping lifecycle mapping for MavenProject: umu.tds.apps:AppMusic:0.0.1-SNAPSHOT @ D:\Documentos\UNIVERSIDAD\TDS\TDS\AppMusic\pom.xml.
2021-06-18 02:06:42,830 [Worker-15: Updating Maven Dependencies] INFO  o.e.m.c.i.l.LifecycleMappingFactory - Using org.eclipse.m2e.jdt.JarLifecycleMapping lifecycle mapping for MavenProject: umu.tds.apps:AppMusic:0.0.1-SNAPSHOT @ D:\Documentos\UNIVERSIDAD\TDS\TDS\AppMusic\pom.xml.
2021-06-18 02:06:44,535 [Worker-19: Building] INFO  o.e.m.c.i.embedder.EclipseLogger - Using 'UTF-8' encoding to copy filtered resources.
2021-06-18 02:06:44,536 [Worker-19: Building] INFO  o.e.m.c.i.embedder.EclipseLogger - skip non existing resourceDirectory D:\Documentos\UNIVERSIDAD\TDS\TDS\AppMusic\src\main\resources
2021-06-18 02:06:44,538 [Worker-19: Building] INFO  o.e.m.c.i.embedder.EclipseLogger - Using 'UTF-8' encoding to copy filtered resources.
2021-06-18 02:06:44,538 [Worker-19: Building] INFO  o.e.m.c.i.embedder.EclipseLogger - skip non existing resourceDirectory D:\Documentos\UNIVERSIDAD\TDS\TDS\AppMusic\src\test\resources
2021-06-18 02:06:45,792 [Worker-13: Updating Maven Dependencies] INFO  o.e.m.c.i.l.LifecycleMappingFactory - Using org.eclipse.m2e.jdt.JarLifecycleMapping lifecycle mapping for MavenProject: umu.tds.apps:AppMusic:0.0.1-SNAPSHOT @ D:\Documentos\UNIVERSIDAD\TDS\TDS\AppMusic\pom.xml.
2021-06-18 02:06:45,939 [Worker-24: Building] INFO  o.e.m.c.i.embedder.EclipseLogger - Using 'UTF-8' encoding to copy filtered resources.
2021-06-18 02:06:45,939 [Worker-24: Building] INFO  o.e.m.c.i.embedder.EclipseLogger - skip non existing resourceDirectory D:\Documentos\UNIVERSIDAD\TDS\TDS\AppMusic\src\main\resources
2021-06-18 02:06:45,940 [Worker-24: Building] INFO  o.e.m.c.i.embedder.EclipseLogger - Using 'UTF-8' encoding to copy filtered resources.
2021-06-18 02:06:45,941 [Worker-24: Building] INFO  o.e.m.c.i.embedder.EclipseLogger - skip non existing resourceDirectory D:\Documentos\UNIVERSIDAD\TDS\TDS\AppMusic\src\test\resources
2021-06-18 02:06:46,992 [Worker-35: Building] INFO  o.e.m.c.i.embedder.EclipseLogger - Using 'UTF-8' encoding to copy filtered resources.
2021-06-18 02:06:46,992 [Worker-35: Building] INFO  o.e.m.c.i.embedder.EclipseLogger - skip non existing resourceDirectory D:\Documentos\UNIVERSIDAD\TDS\TDS\AppMusic\src\main\resources
2021-06-18 02:06:46,993 [Worker-35: Building] INFO  o.e.m.c.i.embedder.EclipseLogger - Using 'UTF-8' encoding to copy filtered resources.
2021-06-18 02:06:46,993 [Worker-35: Building] INFO  o.e.m.c.i.embedder.EclipseLogger - skip non existing resourceDirectory D:\Documentos\UNIVERSIDAD\TDS\TDS\AppMusic\src\test\resources
2021-06-18 02:06:53,210 [Worker-10: Building] INFO  o.e.m.c.i.embedder.EclipseLogger - Using 'UTF-8' encoding to copy filtered resources.
2021-06-18 02:06:53,211 [Worker-10: Building] INFO  o.e.m.c.i.embedder.EclipseLogger - skip non existing resourceDirectory D:\Documentos\UNIVERSIDAD\TDS\TDS\AppMusic\src\main\resources
2021-06-18 02:06:53,211 [Worker-10: Building] INFO  o.e.m.c.i.embedder.EclipseLogger - Using 'UTF-8' encoding to copy filtered resources.
2021-06-18 02:06:53,211 [Worker-10: Building] INFO  o.e.m.c.i.embedder.EclipseLogger - skip non existing resourceDirectory D:\Documentos\UNIVERSIDAD\TDS\TDS\AppMusic\src\test\resources
2021-06-18 02:07:35,034 [Worker-13: Building] INFO  o.e.m.c.i.embedder.EclipseLogger - Using 'UTF-8' encoding to copy filtered resources.
2021-06-18 02:07:35,034 [Worker-13: Building] INFO  o.e.m.c.i.embedder.EclipseLogger - skip non existing resourceDirectory D:\Documentos\UNIVERSIDAD\TDS\TDS\AppMusic\src\main\resources
2021-06-18 02:07:35,034 [Worker-13: Building] INFO  o.e.m.c.i.embedder.EclipseLogger - Using 'UTF-8' encoding to copy filtered resources.
2021-06-18 02:07:35,034 [Worker-13: Building] INFO  o.e.m.c.i.embedder.EclipseLogger - skip non existing resourceDirectory D:\Documentos\UNIVERSIDAD\TDS\TDS\AppMusic\src\test\resources
2021-06-18 02:07:37,433 [Worker-5: Building] INFO  o.e.m.c.i.embedder.EclipseLogger - Using 'UTF-8' encoding to copy filtered resources.
2021-06-18 02:07:37,433 [Worker-5: Building] INFO  o.e.m.c.i.embedder.EclipseLogger - skip non existing resourceDirectory D:\Documentos\UNIVERSIDAD\TDS\TDS\AppMusic\src\main\resources
2021-06-18 02:07:37,434 [Worker-5: Building] INFO  o.e.m.c.i.embedder.EclipseLogger - Using 'UTF-8' encoding to copy filtered resources.
2021-06-18 02:07:37,434 [Worker-5: Building] INFO  o.e.m.c.i.embedder.EclipseLogger - skip non existing resourceDirectory D:\Documentos\UNIVERSIDAD\TDS\TDS\AppMusic\src\test\resources
2021-06-18 02:09:32,291 [Worker-19: Building] INFO  o.e.m.c.i.embedder.EclipseLogger - Using 'UTF-8' encoding to copy filtered resources.
2021-06-18 02:09:32,292 [Worker-19: Building] INFO  o.e.m.c.i.embedder.EclipseLogger - skip non existing resourceDirectory D:\Documentos\UNIVERSIDAD\TDS\TDS\AppMusic\src\main\resources
2021-06-18 02:09:32,292 [Worker-19: Building] INFO  o.e.m.c.i.embedder.EclipseLogger - Using 'UTF-8' encoding to copy filtered resources.
2021-06-18 02:09:32,292 [Worker-19: Building] INFO  o.e.m.c.i.embedder.EclipseLogger - skip non existing resourceDirectory D:\Documentos\UNIVERSIDAD\TDS\TDS\AppMusic\src\test\resources
2021-06-18 02:09:36,319 [Worker-27: Building] INFO  o.e.m.c.i.embedder.EclipseLogger - Using 'UTF-8' encoding to copy filtered resources.
2021-06-18 02:09:36,319 [Worker-27: Building] INFO  o.e.m.c.i.embedder.EclipseLogger - skip non existing resourceDirectory D:\Documentos\UNIVERSIDAD\TDS\TDS\AppMusic\src\main\resources
2021-06-18 02:09:36,320 [Worker-27: Building] INFO  o.e.m.c.i.embedder.EclipseLogger - Using 'UTF-8' encoding to copy filtered resources.
2021-06-18 02:09:36,320 [Worker-27: Building] INFO  o.e.m.c.i.embedder.EclipseLogger - skip non existing resourceDirectory D:\Documentos\UNIVERSIDAD\TDS\TDS\AppMusic\src\test\resources
2021-06-18 02:35:19,997 [Worker-2: Loading available Gradle versions] INFO  o.e.b.c.i.u.g.PublishedGradleVersions - Gradle version information cache is up-to-date. Trying to read.
2021-06-20 23:53:39,378 [Worker-3: Loading available Gradle versions] INFO  o.e.b.c.i.u.g.PublishedGradleVersions - Gradle version information cache is out-of-date. Trying to update.
2021-06-20 23:53:43,628 [Worker-2: Building] INFO  o.e.m.c.i.embedder.EclipseLogger - Using 'UTF-8' encoding to copy filtered resources.
2021-06-20 23:53:43,628 [Worker-2: Building] INFO  o.e.m.c.i.embedder.EclipseLogger - skip non existing resourceDirectory D:\Documentos\UNIVERSIDAD\TDS\TDS\AppMusic\src\main\resources
2021-06-20 23:53:43,630 [Worker-2: Building] INFO  o.e.m.c.i.embedder.EclipseLogger - Using 'UTF-8' encoding to copy filtered resources.
2021-06-20 23:53:43,630 [Worker-2: Building] INFO  o.e.m.c.i.embedder.EclipseLogger - skip non existing resourceDirectory D:\Documentos\UNIVERSIDAD\TDS\TDS\AppMusic\src\test\resources
2021-06-20 23:54:14,055 [Worker-25: Building] INFO  o.e.m.c.i.embedder.EclipseLogger - Using 'UTF-8' encoding to copy filtered resources.
2021-06-20 23:54:14,056 [Worker-25: Building] INFO  o.e.m.c.i.embedder.EclipseLogger - skip non existing resourceDirectory D:\Documentos\UNIVERSIDAD\TDS\TDS\AppMusic\src\main\resources
2021-06-20 23:54:14,056 [Worker-25: Building] INFO  o.e.m.c.i.embedder.EclipseLogger - Using 'UTF-8' encoding to copy filtered resources.
2021-06-20 23:54:14,056 [Worker-25: Building] INFO  o.e.m.c.i.embedder.EclipseLogger - skip non existing resourceDirectory D:\Documentos\UNIVERSIDAD\TDS\TDS\AppMusic\src\test\resources
2021-06-20 23:54:40,486 [Worker-7: Building] INFO  o.e.m.c.i.embedder.EclipseLogger - Using 'UTF-8' encoding to copy filtered resources.
2021-06-20 23:54:40,487 [Worker-7: Building] INFO  o.e.m.c.i.embedder.EclipseLogger - skip non existing resourceDirectory D:\Documentos\UNIVERSIDAD\TDS\TDS\AppMusic\src\main\resources
2021-06-20 23:54:40,488 [Worker-7: Building] INFO  o.e.m.c.i.embedder.EclipseLogger - Using 'UTF-8' encoding to copy filtered resources.
2021-06-20 23:54:40,488 [Worker-7: Building] INFO  o.e.m.c.i.embedder.EclipseLogger - skip non existing resourceDirectory D:\Documentos\UNIVERSIDAD\TDS\TDS\AppMusic\src\test\resources
2021-06-20 23:54:43,594 [Worker-28: Building] INFO  o.e.m.c.i.embedder.EclipseLogger - Using 'UTF-8' encoding to copy filtered resources.
2021-06-20 23:54:43,594 [Worker-28: Building] INFO  o.e.m.c.i.embedder.EclipseLogger - skip non existing resourceDirectory D:\Documentos\UNIVERSIDAD\TDS\TDS\AppMusic\src\main\resources
2021-06-20 23:54:43,594 [Worker-28: Building] INFO  o.e.m.c.i.embedder.EclipseLogger - Using 'UTF-8' encoding to copy filtered resources.
2021-06-20 23:54:43,594 [Worker-28: Building] INFO  o.e.m.c.i.embedder.EclipseLogger - skip non existing resourceDirectory D:\Documentos\UNIVERSIDAD\TDS\TDS\AppMusic\src\test\resources
2021-06-21 02:12:32,076 [Worker-40: Building] INFO  o.e.m.c.i.embedder.EclipseLogger - Using 'UTF-8' encoding to copy filtered resources.
2021-06-21 02:12:32,076 [Worker-40: Building] INFO  o.e.m.c.i.embedder.EclipseLogger - skip non existing resourceDirectory D:\Documentos\UNIVERSIDAD\TDS\TDS\AppMusic\src\main\resources
2021-06-21 02:12:32,077 [Worker-40: Building] INFO  o.e.m.c.i.embedder.EclipseLogger - Using 'UTF-8' encoding to copy filtered resources.
2021-06-21 02:12:32,077 [Worker-40: Building] INFO  o.e.m.c.i.embedder.EclipseLogger - skip non existing resourceDirectory D:\Documentos\UNIVERSIDAD\TDS\TDS\AppMusic\src\test\resources
2021-06-21 02:12:36,109 [Worker-40: Building] INFO  o.e.m.c.i.embedder.EclipseLogger - Using 'UTF-8' encoding to copy filtered resources.
2021-06-21 02:12:36,109 [Worker-40: Building] INFO  o.e.m.c.i.embedder.EclipseLogger - skip non existing resourceDirectory D:\Documentos\UNIVERSIDAD\TDS\TDS\AppMusic\src\main\resources
2021-06-21 02:12:36,110 [Worker-40: Building] INFO  o.e.m.c.i.embedder.EclipseLogger - Using 'UTF-8' encoding to copy filtered resources.
2021-06-21 02:12:36,110 [Worker-40: Building] INFO  o.e.m.c.i.embedder.EclipseLogger - skip non existing resourceDirectory D:\Documentos\UNIVERSIDAD\TDS\TDS\AppMusic\src\test\resources
2021-06-21 02:16:01,596 [Worker-39: Building] INFO  o.e.m.c.i.embedder.EclipseLogger - Using 'UTF-8' encoding to copy filtered resources.
2021-06-21 02:16:01,597 [Worker-39: Building] INFO  o.e.m.c.i.embedder.EclipseLogger - skip non existing resourceDirectory D:\Documentos\UNIVERSIDAD\TDS\TDS\AppMusic\src\main\resources
2021-06-21 02:16:01,597 [Worker-39: Building] INFO  o.e.m.c.i.embedder.EclipseLogger - Using 'UTF-8' encoding to copy filtered resources.
2021-06-21 02:16:01,598 [Worker-39: Building] INFO  o.e.m.c.i.embedder.EclipseLogger - skip non existing resourceDirectory D:\Documentos\UNIVERSIDAD\TDS\TDS\AppMusic\src\test\resources
2021-06-21 02:16:03,783 [Worker-40: Building] INFO  o.e.m.c.i.embedder.EclipseLogger - Using 'UTF-8' encoding to copy filtered resources.
2021-06-21 02:16:03,783 [Worker-40: Building] INFO  o.e.m.c.i.embedder.EclipseLogger - skip non existing resourceDirectory D:\Documentos\UNIVERSIDAD\TDS\TDS\AppMusic\src\main\resources
2021-06-21 02:16:03,784 [Worker-40: Building] INFO  o.e.m.c.i.embedder.EclipseLogger - Using 'UTF-8' encoding to copy filtered resources.
2021-06-21 02:16:03,784 [Worker-40: Building] INFO  o.e.m.c.i.embedder.EclipseLogger - skip non existing resourceDirectory D:\Documentos\UNIVERSIDAD\TDS\TDS\AppMusic\src\test\resources
2021-06-21 02:16:17,552 [Worker-41: Building] INFO  o.e.m.c.i.embedder.EclipseLogger - Using 'UTF-8' encoding to copy filtered resources.
2021-06-21 02:16:17,552 [Worker-41: Building] INFO  o.e.m.c.i.embedder.EclipseLogger - skip non existing resourceDirectory D:\Documentos\UNIVERSIDAD\TDS\TDS\AppMusic\src\main\resources
2021-06-21 02:16:17,553 [Worker-41: Building] INFO  o.e.m.c.i.embedder.EclipseLogger - Using 'UTF-8' encoding to copy filtered resources.
2021-06-21 02:16:17,553 [Worker-41: Building] INFO  o.e.m.c.i.embedder.EclipseLogger - skip non existing resourceDirectory D:\Documentos\UNIVERSIDAD\TDS\TDS\AppMusic\src\test\resources
2021-06-21 02:16:25,191 [Worker-39: Building] INFO  o.e.m.c.i.embedder.EclipseLogger - Using 'UTF-8' encoding to copy filtered resources.
2021-06-21 02:16:25,191 [Worker-39: Building] INFO  o.e.m.c.i.embedder.EclipseLogger - skip non existing resourceDirectory D:\Documentos\UNIVERSIDAD\TDS\TDS\AppMusic\src\main\resources
2021-06-21 02:16:25,192 [Worker-39: Building] INFO  o.e.m.c.i.embedder.EclipseLogger - Using 'UTF-8' encoding to copy filtered resources.
2021-06-21 02:16:25,192 [Worker-39: Building] INFO  o.e.m.c.i.embedder.EclipseLogger - skip non existing resourceDirectory D:\Documentos\UNIVERSIDAD\TDS\TDS\AppMusic\src\test\resources
2021-06-21 02:16:57,587 [Worker-42: Building] INFO  o.e.m.c.i.embedder.EclipseLogger - Using 'UTF-8' encoding to copy filtered resources.
2021-06-21 02:16:57,587 [Worker-42: Building] INFO  o.e.m.c.i.embedder.EclipseLogger - skip non existing resourceDirectory D:\Documentos\UNIVERSIDAD\TDS\TDS\AppMusic\src\main\resources
2021-06-21 02:16:57,588 [Worker-42: Building] INFO  o.e.m.c.i.embedder.EclipseLogger - Using 'UTF-8' encoding to copy filtered resources.
2021-06-21 02:16:57,588 [Worker-42: Building] INFO  o.e.m.c.i.embedder.EclipseLogger - skip non existing resourceDirectory D:\Documentos\UNIVERSIDAD\TDS\TDS\AppMusic\src\test\resources
2021-06-21 02:18:03,257 [Worker-39: Building] INFO  o.e.m.c.i.embedder.EclipseLogger - Using 'UTF-8' encoding to copy filtered resources.
2021-06-21 02:18:03,257 [Worker-39: Building] INFO  o.e.m.c.i.embedder.EclipseLogger - skip non existing resourceDirectory D:\Documentos\UNIVERSIDAD\TDS\TDS\AppMusic\src\main\resources
2021-06-21 02:18:03,258 [Worker-39: Building] INFO  o.e.m.c.i.embedder.EclipseLogger - Using 'UTF-8' encoding to copy filtered resources.
2021-06-21 02:18:03,258 [Worker-39: Building] INFO  o.e.m.c.i.embedder.EclipseLogger - skip non existing resourceDirectory D:\Documentos\UNIVERSIDAD\TDS\TDS\AppMusic\src\test\resources
2021-06-21 02:18:15,932 [Worker-0: Building] INFO  o.e.m.c.i.embedder.EclipseLogger - Using 'UTF-8' encoding to copy filtered resources.
2021-06-21 02:18:15,932 [Worker-0: Building] INFO  o.e.m.c.i.embedder.EclipseLogger - skip non existing resourceDirectory D:\Documentos\UNIVERSIDAD\TDS\TDS\AppMusic\src\main\resources
2021-06-21 02:18:15,933 [Worker-0: Building] INFO  o.e.m.c.i.embedder.EclipseLogger - Using 'UTF-8' encoding to copy filtered resources.
2021-06-21 02:18:15,933 [Worker-0: Building] INFO  o.e.m.c.i.embedder.EclipseLogger - skip non existing resourceDirectory D:\Documentos\UNIVERSIDAD\TDS\TDS\AppMusic\src\test\resources
2021-06-21 02:18:20,979 [Worker-41: Building] INFO  o.e.m.c.i.embedder.EclipseLogger - Using 'UTF-8' encoding to copy filtered resources.
2021-06-21 02:18:20,979 [Worker-41: Building] INFO  o.e.m.c.i.embedder.EclipseLogger - skip non existing resourceDirectory D:\Documentos\UNIVERSIDAD\TDS\TDS\AppMusic\src\main\resources
2021-06-21 02:18:20,980 [Worker-41: Building] INFO  o.e.m.c.i.embedder.EclipseLogger - Using 'UTF-8' encoding to copy filtered resources.
2021-06-21 02:18:20,980 [Worker-41: Building] INFO  o.e.m.c.i.embedder.EclipseLogger - skip non existing resourceDirectory D:\Documentos\UNIVERSIDAD\TDS\TDS\AppMusic\src\test\resources
2021-06-21 02:18:45,013 [Worker-41: Building] INFO  o.e.m.c.i.embedder.EclipseLogger - Using 'UTF-8' encoding to copy filtered resources.
2021-06-21 02:18:45,013 [Worker-41: Building] INFO  o.e.m.c.i.embedder.EclipseLogger - skip non existing resourceDirectory D:\Documentos\UNIVERSIDAD\TDS\TDS\AppMusic\src\main\resources
2021-06-21 02:18:45,014 [Worker-41: Building] INFO  o.e.m.c.i.embedder.EclipseLogger - Using 'UTF-8' encoding to copy filtered resources.
2021-06-21 02:18:45,014 [Worker-41: Building] INFO  o.e.m.c.i.embedder.EclipseLogger - skip non existing resourceDirectory D:\Documentos\UNIVERSIDAD\TDS\TDS\AppMusic\src\test\resources
2021-06-21 02:18:58,295 [Worker-39: Building] INFO  o.e.m.c.i.embedder.EclipseLogger - Using 'UTF-8' encoding to copy filtered resources.
2021-06-21 02:18:58,295 [Worker-39: Building] INFO  o.e.m.c.i.embedder.EclipseLogger - skip non existing resourceDirectory D:\Documentos\UNIVERSIDAD\TDS\TDS\AppMusic\src\main\resources
2021-06-21 02:18:58,297 [Worker-39: Building] INFO  o.e.m.c.i.embedder.EclipseLogger - Using 'UTF-8' encoding to copy filtered resources.
2021-06-21 02:18:58,297 [Worker-39: Building] INFO  o.e.m.c.i.embedder.EclipseLogger - skip non existing resourceDirectory D:\Documentos\UNIVERSIDAD\TDS\TDS\AppMusic\src\test\resources
2021-06-21 02:19:04,700 [Worker-44: Building] INFO  o.e.m.c.i.embedder.EclipseLogger - Using 'UTF-8' encoding to copy filtered resources.
2021-06-21 02:19:04,700 [Worker-44: Building] INFO  o.e.m.c.i.embedder.EclipseLogger - skip non existing resourceDirectory D:\Documentos\UNIVERSIDAD\TDS\TDS\AppMusic\src\main\resources
2021-06-21 02:19:04,701 [Worker-44: Building] INFO  o.e.m.c.i.embedder.EclipseLogger - Using 'UTF-8' encoding to copy filtered resources.
2021-06-21 02:19:04,701 [Worker-44: Building] INFO  o.e.m.c.i.embedder.EclipseLogger - skip non existing resourceDirectory D:\Documentos\UNIVERSIDAD\TDS\TDS\AppMusic\src\test\resources
2021-07-03 18:16:48,487 [Worker-2: Loading available Gradle versions] INFO  o.e.b.c.i.u.g.PublishedGradleVersions - Gradle version information cache is out-of-date. Trying to update.
2021-07-03 18:17:49,199 [Worker-10: Building] INFO  o.e.m.c.i.embedder.EclipseLogger - Using 'UTF-8' encoding to copy filtered resources.
2021-07-03 18:17:49,200 [Worker-10: Building] INFO  o.e.m.c.i.embedder.EclipseLogger - skip non existing resourceDirectory D:\Documentos\UNIVERSIDAD\TDS\TDS\AppMusic\src\main\resources
2021-07-03 18:17:49,201 [Worker-10: Building] INFO  o.e.m.c.i.embedder.EclipseLogger - Using 'UTF-8' encoding to copy filtered resources.
2021-07-03 18:17:49,201 [Worker-10: Building] INFO  o.e.m.c.i.embedder.EclipseLogger - skip non existing resourceDirectory D:\Documentos\UNIVERSIDAD\TDS\TDS\AppMusic\src\test\resources
2021-07-03 18:42:19,987 [Worker-38: Building] INFO  o.e.m.c.i.embedder.EclipseLogger - Using 'UTF-8' encoding to copy filtered resources.
2021-07-03 18:42:19,987 [Worker-38: Building] INFO  o.e.m.c.i.embedder.EclipseLogger - skip non existing resourceDirectory D:\Documentos\UNIVERSIDAD\TDS\TDS\AppMusic\src\main\resources
2021-07-03 18:42:19,988 [Worker-38: Building] INFO  o.e.m.c.i.embedder.EclipseLogger - Using 'UTF-8' encoding to copy filtered resources.
2021-07-03 18:42:19,988 [Worker-38: Building] INFO  o.e.m.c.i.embedder.EclipseLogger - skip non existing resourceDirectory D:\Documentos\UNIVERSIDAD\TDS\TDS\AppMusic\src\test\resources
2021-07-03 18:46:40,134 [Worker-42: Building] INFO  o.e.m.c.i.embedder.EclipseLogger - Using 'UTF-8' encoding to copy filtered resources.
2021-07-03 18:46:40,134 [Worker-42: Building] INFO  o.e.m.c.i.embedder.EclipseLogger - skip non existing resourceDirectory D:\Documentos\UNIVERSIDAD\TDS\TDS\AppMusic\src\main\resources
2021-07-03 18:46:40,135 [Worker-42: Building] INFO  o.e.m.c.i.embedder.EclipseLogger - Using 'UTF-8' encoding to copy filtered resources.
2021-07-03 18:46:40,135 [Worker-42: Building] INFO  o.e.m.c.i.embedder.EclipseLogger - skip non existing resourceDirectory D:\Documentos\UNIVERSIDAD\TDS\TDS\AppMusic\src\test\resources
2021-07-03 18:46:46,044 [Worker-38: Building] INFO  o.e.m.c.i.embedder.EclipseLogger - Using 'UTF-8' encoding to copy filtered resources.
2021-07-03 18:46:46,044 [Worker-38: Building] INFO  o.e.m.c.i.embedder.EclipseLogger - skip non existing resourceDirectory D:\Documentos\UNIVERSIDAD\TDS\TDS\AppMusic\src\main\resources
2021-07-03 18:46:46,044 [Worker-38: Building] INFO  o.e.m.c.i.embedder.EclipseLogger - Using 'UTF-8' encoding to copy filtered resources.
2021-07-03 18:46:46,044 [Worker-38: Building] INFO  o.e.m.c.i.embedder.EclipseLogger - skip non existing resourceDirectory D:\Documentos\UNIVERSIDAD\TDS\TDS\AppMusic\src\test\resources
2021-07-03 18:54:15,609 [Worker-44: Building] INFO  o.e.m.c.i.embedder.EclipseLogger - Using 'UTF-8' encoding to copy filtered resources.
2021-07-03 18:54:15,610 [Worker-44: Building] INFO  o.e.m.c.i.embedder.EclipseLogger - skip non existing resourceDirectory D:\Documentos\UNIVERSIDAD\TDS\TDS\AppMusic\src\main\resources
2021-07-03 18:54:15,610 [Worker-44: Building] INFO  o.e.m.c.i.embedder.EclipseLogger - Using 'UTF-8' encoding to copy filtered resources.
2021-07-03 18:54:15,610 [Worker-44: Building] INFO  o.e.m.c.i.embedder.EclipseLogger - skip non existing resourceDirectory D:\Documentos\UNIVERSIDAD\TDS\TDS\AppMusic\src\test\resources
2021-07-03 18:54:32,863 [Worker-44: Building] INFO  o.e.m.c.i.embedder.EclipseLogger - Using 'UTF-8' encoding to copy filtered resources.
2021-07-03 18:54:32,863 [Worker-44: Building] INFO  o.e.m.c.i.embedder.EclipseLogger - skip non existing resourceDirectory D:\Documentos\UNIVERSIDAD\TDS\TDS\AppMusic\src\main\resources
2021-07-03 18:54:32,863 [Worker-44: Building] INFO  o.e.m.c.i.embedder.EclipseLogger - Using 'UTF-8' encoding to copy filtered resources.
2021-07-03 18:54:32,863 [Worker-44: Building] INFO  o.e.m.c.i.embedder.EclipseLogger - skip non existing resourceDirectory D:\Documentos\UNIVERSIDAD\TDS\TDS\AppMusic\src\test\resources
2021-07-03 18:56:35,685 [Worker-47: Building] INFO  o.e.m.c.i.embedder.EclipseLogger - Using 'UTF-8' encoding to copy filtered resources.
2021-07-03 18:56:35,685 [Worker-47: Building] INFO  o.e.m.c.i.embedder.EclipseLogger - skip non existing resourceDirectory D:\Documentos\UNIVERSIDAD\TDS\TDS\AppMusic\src\main\resources
2021-07-03 18:56:35,685 [Worker-47: Building] INFO  o.e.m.c.i.embedder.EclipseLogger - Using 'UTF-8' encoding to copy filtered resources.
2021-07-03 18:56:35,685 [Worker-47: Building] INFO  o.e.m.c.i.embedder.EclipseLogger - skip non existing resourceDirectory D:\Documentos\UNIVERSIDAD\TDS\TDS\AppMusic\src\test\resources
2021-07-07 08:54:09,300 [Worker-2: Loading available Gradle versions] INFO  o.e.b.c.i.u.g.PublishedGradleVersions - Gradle version information cache is out-of-date. Trying to update.
